<?xml version="1.0" encoding="UTF-8"?>
<!-- Generated by org.testng.reporters.JUnitXMLReporter -->
<testsuite ignored="0" hostname="DESKTOP-O60VPK0" failures="0" tests="4" name="LowPriorityTest" time="57.089" errors="0" timestamp="2022-10-10T09:41:47 IST">
  <testcase classname="com.Saucedemo.TestClasses.TC04_AddProductToCart" name="addtoproductfunctionality" time="3.664"/>
  <testcase classname="com.Saucedemo.TestClasses.TC03_SelectProduct" name="selectproductfunctionality" time="3.54"/>
  <testcase classname="com.Saucedemo.TestClasses.TC08_ApplyFilterFunctionality" name="verifyApplyfilterfunctionality" time="7.085"/>
  <testcase classname="com.Saucedemo.TestClasses.TC09_ChekAbouFunctionality" name="verifycheckoutfunctionality" time="12.18"/>
</testsuite> <!-- LowPriorityTest -->
