<?xml version="1.0" encoding="UTF-8"?>
<!-- Generated by org.testng.reporters.JUnitXMLReporter -->
<testsuite ignored="0" hostname="DESKTOP-O60VPK0" failures="0" tests="4" name="LowPriorityTest" time="63.545" errors="0" timestamp="2022-10-10T08:10:36 IST">
  <testcase classname="com.Saucedemo.TestClasses.TC04_AddProductToCart" name="addtoproductfunctionality" time="2.587"/>
  <testcase classname="com.Saucedemo.TestClasses.TC03_SelectProduct" name="selectproductfunctionality" time="6.13"/>
  <testcase classname="com.Saucedemo.TestClasses.TC08_ApplyFilterFunctionality" name="verifyApplyfilterfunctionality" time="7.478"/>
  <testcase classname="com.Saucedemo.TestClasses.TC09_ChekAbouFunctionality" name="verifycheckoutfunctionality" time="11.071"/>
</testsuite> <!-- LowPriorityTest -->
